2021-01-28 01:37:38.571  INFO 95159 --- [main] c.m.clientapplication.ClientApplication  : Starting ClientApplication using Java 11.0.2 on Akhileshs-MacBook-Pro.local with PID 95159 (/Users/akhileshmusuku/Downloads/Target/client-application/bin/main started by akhileshmusuku in /Users/akhileshmusuku/Downloads/Target/client-application)
2021-01-28 01:37:38.580 DEBUG 95159 --- [main] c.m.clientapplication.ClientApplication  : Running with Spring Boot v2.4.2, Spring v5.3.3
2021-01-28 01:37:38.583  INFO 95159 --- [main] c.m.clientapplication.ClientApplication  : No active profile set, falling back to default profiles: default
2021-01-28 01:37:39.684  INFO 95159 --- [main] o.s.cloud.context.scope.GenericScope     : BeanFactory id=5560f04a-58d6-3285-a900-9c5e7dd7b46d
2021-01-28 01:37:40.167  INFO 95159 --- [main] o.s.b.w.embedded.tomcat.TomcatWebServer  : Tomcat initialized with port(s): 8021 (http)
2021-01-28 01:37:40.182  INFO 95159 --- [main] o.apache.catalina.core.StandardService   : Starting service [Tomcat]
2021-01-28 01:37:40.183  INFO 95159 --- [main] org.apache.catalina.core.StandardEngine  : Starting Servlet engine: [Apache Tomcat/9.0.41]
2021-01-28 01:37:40.311  INFO 95159 --- [main] o.a.c.c.C.[Tomcat].[localhost].[/]       : Initializing Spring embedded WebApplicationContext
2021-01-28 01:37:40.312  INFO 95159 --- [main] w.s.c.ServletWebServerApplicationContext : Root WebApplicationContext: initialization completed in 1645 ms
2021-01-28 01:37:40.836  INFO 95159 --- [main] o.s.s.concurrent.ThreadPoolTaskExecutor  : Initializing ExecutorService 'applicationTaskExecutor'
2021-01-28 01:37:41.151  INFO 95159 --- [main] DiscoveryClientOptionalArgsConfiguration : Eureka HTTP Client uses RestTemplate.
2021-01-28 01:37:41.341  WARN 95159 --- [main] iguration$LoadBalancerCaffeineWarnLogger : Spring Cloud LoadBalancer is currently working with the default cache. You can switch to using Caffeine cache, by adding it to the classpath.
2021-01-28 01:37:41.373  INFO 95159 --- [main] o.s.c.n.eureka.InstanceInfoFactory       : Setting initial instance status as: STARTING
2021-01-28 01:37:41.506  INFO 95159 --- [main] com.netflix.discovery.DiscoveryClient    : Initializing Eureka in region us-east-1
2021-01-28 01:37:41.513  INFO 95159 --- [main] c.n.d.s.r.aws.ConfigClusterResolver      : Resolving eureka endpoints via configuration
2021-01-28 01:37:41.568  INFO 95159 --- [main] com.netflix.discovery.DiscoveryClient    : Disable delta property : false
2021-01-28 01:37:41.570  INFO 95159 --- [main] com.netflix.discovery.DiscoveryClient    : Single vip registry refresh property : null
2021-01-28 01:37:41.571  INFO 95159 --- [main] com.netflix.discovery.DiscoveryClient    : Force full registry fetch : false
2021-01-28 01:37:41.571  INFO 95159 --- [main] com.netflix.discovery.DiscoveryClient    : Application is null : false
2021-01-28 01:37:41.571  INFO 95159 --- [main] com.netflix.discovery.DiscoveryClient    : Registered Applications size is zero : true
2021-01-28 01:37:41.571  INFO 95159 --- [main] com.netflix.discovery.DiscoveryClient    : Application version is -1: true
2021-01-28 01:37:41.571  INFO 95159 --- [main] com.netflix.discovery.DiscoveryClient    : Getting all instance registry info from the eureka server
2021-01-28 01:37:42.115  INFO 95159 --- [main] com.netflix.discovery.DiscoveryClient    : The response status is 200
2021-01-28 01:37:42.119  INFO 95159 --- [main] com.netflix.discovery.DiscoveryClient    : Starting heartbeat executor: renew interval is: 30
2021-01-28 01:37:42.122  INFO 95159 --- [main] c.n.discovery.InstanceInfoReplicator     : InstanceInfoReplicator onDemand update allowed rate per min is 4
2021-01-28 01:37:42.132  INFO 95159 --- [main] com.netflix.discovery.DiscoveryClient    : Discovery Client initialized at timestamp 1611819462130 with initial instances count: 0
2021-01-28 01:37:42.134  INFO 95159 --- [main] o.s.c.n.e.s.EurekaServiceRegistry        : Registering application CLIENT-SERVICE with eureka with status UP
2021-01-28 01:37:42.135  INFO 95159 --- [main] com.netflix.discovery.DiscoveryClient    : Saw local status change event StatusChangeEvent [timestamp=1611819462135, current=UP, previous=STARTING]
2021-01-28 01:37:42.142  INFO 95159 --- [DiscoveryClient-InstanceInfoReplicator-0] com.netflix.discovery.DiscoveryClient    : DiscoveryClient_CLIENT-SERVICE/192.168.0.125:client-service:8021: registering service...
2021-01-28 01:37:42.254  INFO 95159 --- [main] o.s.b.w.embedded.tomcat.TomcatWebServer  : Tomcat started on port(s): 8021 (http) with context path ''
2021-01-28 01:37:42.255  INFO 95159 --- [main] .s.c.n.e.s.EurekaAutoServiceRegistration : Updating port to 8021
2021-01-28 01:37:42.276  INFO 95159 --- [main] c.m.clientapplication.ClientApplication  : Started ClientApplication in 4.445 seconds (JVM running for 5.251)
2021-01-28 01:37:42.325  INFO 95159 --- [DiscoveryClient-InstanceInfoReplicator-0] com.netflix.discovery.DiscoveryClient    : DiscoveryClient_CLIENT-SERVICE/192.168.0.125:client-service:8021 - registration status: 204
2021-01-28 01:38:12.123  INFO 95159 --- [DiscoveryClient-CacheRefreshExecutor-0] com.netflix.discovery.DiscoveryClient    : Disable delta property : false
2021-01-28 01:38:12.123  INFO 95159 --- [DiscoveryClient-CacheRefreshExecutor-0] com.netflix.discovery.DiscoveryClient    : Single vip registry refresh property : null
2021-01-28 01:38:12.123  INFO 95159 --- [DiscoveryClient-CacheRefreshExecutor-0] com.netflix.discovery.DiscoveryClient    : Force full registry fetch : false
2021-01-28 01:38:12.123  INFO 95159 --- [DiscoveryClient-CacheRefreshExecutor-0] com.netflix.discovery.DiscoveryClient    : Application is null : false
2021-01-28 01:38:12.124  INFO 95159 --- [DiscoveryClient-CacheRefreshExecutor-0] com.netflix.discovery.DiscoveryClient    : Registered Applications size is zero : true
2021-01-28 01:38:12.124  INFO 95159 --- [DiscoveryClient-CacheRefreshExecutor-0] com.netflix.discovery.DiscoveryClient    : Application version is -1: false
2021-01-28 01:38:12.124  INFO 95159 --- [DiscoveryClient-CacheRefreshExecutor-0] com.netflix.discovery.DiscoveryClient    : Getting all instance registry info from the eureka server
2021-01-28 01:38:12.138  INFO 95159 --- [DiscoveryClient-CacheRefreshExecutor-0] com.netflix.discovery.DiscoveryClient    : The response status is 200
2021-01-28 01:42:34.831  INFO 95159 --- [http-nio-8021-exec-1] o.a.c.c.C.[Tomcat].[localhost].[/]       : Initializing Spring DispatcherServlet 'dispatcherServlet'
2021-01-28 01:42:34.911 DEBUG 95159 --- [http-nio-8021-exec-1] c.m.c.controller.ClientController        : request id 13860428
2021-01-28 01:42:34.911 DEBUG 95159 --- [http-nio-8021-exec-1] c.m.c.controller.ClientController        : url ::: http://myRetail-service/products/
2021-01-28 01:42:35.186 DEBUG 95159 --- [http-nio-8021-exec-1] c.m.c.controller.ClientController        : response payload <200,Product [id=13860428, name=The Big Lebowski (Blu-ray), current_price=Pricing [value=13.8, currency_code=USD]],[Content-Type:"application/json", Transfer-Encoding:"chunked", Date:"Thu, 28 Jan 2021 07:42:35 GMT", Keep-Alive:"timeout=60", Connection:"keep-alive"]>
2021-01-28 01:42:41.580  INFO 95159 --- [AsyncResolver-bootstrap-executor-0] c.n.d.s.r.aws.ConfigClusterResolver      : Resolving eureka endpoints via configuration
2021-01-28 01:44:34.584 DEBUG 95159 --- [http-nio-8021-exec-3] c.m.c.controller.ClientController        : request id 13860428
2021-01-28 01:44:34.585 DEBUG 95159 --- [http-nio-8021-exec-3] c.m.c.controller.ClientController        : url ::: http://myRetail-service/products/
2021-01-28 01:44:34.714 DEBUG 95159 --- [http-nio-8021-exec-3] c.m.c.controller.ClientController        : response payload <200,Product [id=13860428, name=The Big Lebowski (Blu-ray), current_price=Pricing [value=13.8, currency_code=USD]],[Content-Type:"application/json", Transfer-Encoding:"chunked", Date:"Thu, 28 Jan 2021 07:44:34 GMT", Keep-Alive:"timeout=60", Connection:"keep-alive"]>
2021-01-28 01:44:37.305 DEBUG 95159 --- [http-nio-8021-exec-4] c.m.c.controller.ClientController        : request id 13860428
2021-01-28 01:44:37.305 DEBUG 95159 --- [http-nio-8021-exec-4] c.m.c.controller.ClientController        : url ::: http://myRetail-service/products/
2021-01-28 01:44:37.366 DEBUG 95159 --- [http-nio-8021-exec-4] c.m.c.controller.ClientController        : response payload <200,Product [id=13860428, name=The Big Lebowski (Blu-ray), current_price=Pricing [value=13.8, currency_code=USD]],[Content-Type:"application/json", Transfer-Encoding:"chunked", Date:"Thu, 28 Jan 2021 07:44:37 GMT", Keep-Alive:"timeout=60", Connection:"keep-alive"]>
2021-01-28 01:44:37.918 DEBUG 95159 --- [http-nio-8021-exec-5] c.m.c.controller.ClientController        : request id 13860428
2021-01-28 01:44:37.919 DEBUG 95159 --- [http-nio-8021-exec-5] c.m.c.controller.ClientController        : url ::: http://myRetail-service/products/
2021-01-28 01:44:37.998 DEBUG 95159 --- [http-nio-8021-exec-5] c.m.c.controller.ClientController        : response payload <200,Product [id=13860428, name=The Big Lebowski (Blu-ray), current_price=Pricing [value=13.8, currency_code=USD]],[Content-Type:"application/json", Transfer-Encoding:"chunked", Date:"Thu, 28 Jan 2021 07:44:37 GMT", Keep-Alive:"timeout=60", Connection:"keep-alive"]>
2021-01-28 01:44:38.766 DEBUG 95159 --- [http-nio-8021-exec-6] c.m.c.controller.ClientController        : request id 13860428
2021-01-28 01:44:38.766 DEBUG 95159 --- [http-nio-8021-exec-6] c.m.c.controller.ClientController        : url ::: http://myRetail-service/products/
2021-01-28 01:44:38.838 DEBUG 95159 --- [http-nio-8021-exec-6] c.m.c.controller.ClientController        : response payload <200,Product [id=13860428, name=The Big Lebowski (Blu-ray), current_price=Pricing [value=13.8, currency_code=USD]],[Content-Type:"application/json", Transfer-Encoding:"chunked", Date:"Thu, 28 Jan 2021 07:44:38 GMT", Keep-Alive:"timeout=60", Connection:"keep-alive"]>
2021-01-28 01:44:40.269 DEBUG 95159 --- [http-nio-8021-exec-7] c.m.c.controller.ClientController        : request id 13860428
2021-01-28 01:44:40.270 DEBUG 95159 --- [http-nio-8021-exec-7] c.m.c.controller.ClientController        : url ::: http://myRetail-service/products/
2021-01-28 01:44:40.438 DEBUG 95159 --- [http-nio-8021-exec-7] c.m.c.controller.ClientController        : response payload <200,Product [id=13860428, name=The Big Lebowski (Blu-ray), current_price=Pricing [value=13.8, currency_code=USD]],[Content-Type:"application/json", Transfer-Encoding:"chunked", Date:"Thu, 28 Jan 2021 07:44:40 GMT", Keep-Alive:"timeout=60", Connection:"keep-alive"]>
2021-01-28 01:44:41.001 DEBUG 95159 --- [http-nio-8021-exec-8] c.m.c.controller.ClientController        : request id 13860428
2021-01-28 01:44:41.001 DEBUG 95159 --- [http-nio-8021-exec-8] c.m.c.controller.ClientController        : url ::: http://myRetail-service/products/
2021-01-28 01:44:41.061 DEBUG 95159 --- [http-nio-8021-exec-8] c.m.c.controller.ClientController        : response payload <200,Product [id=13860428, name=The Big Lebowski (Blu-ray), current_price=Pricing [value=13.8, currency_code=USD]],[Content-Type:"application/json", Transfer-Encoding:"chunked", Date:"Thu, 28 Jan 2021 07:44:40 GMT", Keep-Alive:"timeout=60", Connection:"keep-alive"]>
2021-01-28 01:44:41.373 DEBUG 95159 --- [http-nio-8021-exec-9] c.m.c.controller.ClientController        : request id 13860428
2021-01-28 01:44:41.373 DEBUG 95159 --- [http-nio-8021-exec-9] c.m.c.controller.ClientController        : url ::: http://myRetail-service/products/
2021-01-28 01:44:41.437 DEBUG 95159 --- [http-nio-8021-exec-9] c.m.c.controller.ClientController        : response payload <200,Product [id=13860428, name=The Big Lebowski (Blu-ray), current_price=Pricing [value=13.8, currency_code=USD]],[Content-Type:"application/json", Transfer-Encoding:"chunked", Date:"Thu, 28 Jan 2021 07:44:40 GMT", Keep-Alive:"timeout=60", Connection:"keep-alive"]>
2021-01-28 01:44:41.534 DEBUG 95159 --- [http-nio-8021-exec-10] c.m.c.controller.ClientController        : request id 13860428
2021-01-28 01:44:41.534 DEBUG 95159 --- [http-nio-8021-exec-10] c.m.c.controller.ClientController        : url ::: http://myRetail-service/products/
2021-01-28 01:44:41.602 DEBUG 95159 --- [http-nio-8021-exec-10] c.m.c.controller.ClientController        : response payload <200,Product [id=13860428, name=The Big Lebowski (Blu-ray), current_price=Pricing [value=13.8, currency_code=USD]],[Content-Type:"application/json", Transfer-Encoding:"chunked", Date:"Thu, 28 Jan 2021 07:44:41 GMT", Keep-Alive:"timeout=60", Connection:"keep-alive"]>
2021-01-28 01:44:41.682 DEBUG 95159 --- [http-nio-8021-exec-1] c.m.c.controller.ClientController        : request id 13860428
2021-01-28 01:44:41.682 DEBUG 95159 --- [http-nio-8021-exec-1] c.m.c.controller.ClientController        : url ::: http://myRetail-service/products/
2021-01-28 01:44:41.856 DEBUG 95159 --- [http-nio-8021-exec-1] c.m.c.controller.ClientController        : response payload <200,Product [id=13860428, name=The Big Lebowski (Blu-ray), current_price=Pricing [value=13.8, currency_code=USD]],[Content-Type:"application/json", Transfer-Encoding:"chunked", Date:"Thu, 28 Jan 2021 07:44:41 GMT", Keep-Alive:"timeout=60", Connection:"keep-alive"]>
2021-01-28 01:47:41.592  INFO 95159 --- [AsyncResolver-bootstrap-executor-0] c.n.d.s.r.aws.ConfigClusterResolver      : Resolving eureka endpoints via configuration
2021-01-28 01:52:41.610  INFO 95159 --- [AsyncResolver-bootstrap-executor-0] c.n.d.s.r.aws.ConfigClusterResolver      : Resolving eureka endpoints via configuration
